<component name="libraryTable">
  <library name="junit-3.8.21">
    <CLASSES>
      <root url="jar://$PROJECT_DIR$/junit-3.8.2.jar!/" />
      <root url="jar://$PROJECT_DIR$/kalah.jar!/" />
    </CLASSES>
    <JAVADOC />
    <SOURCES />
  </library>
</component>